# JRE version: OpenJDK Runtime Environment (8.0_212-b03) (build 1.8.0_212-8u212-b03-0ubuntu1.18.04.1-b03)
# Java VM: OpenJDK 64-Bit Server VM (25.212-b03 mixed mode linux-amd64 compressed oops)
Heap:
 PSYoungGen      total 71168K, used 11120K [0x000000076cb80000, 0x0000000775a00000, 0x00000007c0000000)
  eden space 64512K, 7% used [0x000000076cb80000,0x000000076d054240,0x0000000770a80000)
  from space 6656K, 92% used [0x0000000775380000,0x0000000775987ee8,0x0000000775a00000)
  to   space 10240K, 0% used [0x0000000774600000,0x0000000774600000,0x0000000775000000)
 ParOldGen       total 171008K, used 96K [0x00000006c6200000, 0x00000006d0900000, 0x000000076cb80000)
  object space 171008K, 0% used [0x00000006c6200000,0x00000006c6218010,0x00000006d0900000)
 Metaspace       used 16451K, capacity 17354K, committed 17536K, reserved 1064960K
  class space    used 1905K, capacity 2049K, committed 2176K, reserved 1048576K
GC Heap History (4 events):
Event: 0.836 GC heap before
{Heap before GC invocations=1 (full 0):
 PSYoungGen      total 74752K, used 64512K [0x000000076cb80000, 0x0000000771e80000, 0x00000007c0000000)
  eden space 64512K, 100% used [0x000000076cb80000,0x0000000770a80000,0x0000000770a80000)
  from space 10240K, 0% used [0x0000000771480000,0x0000000771480000,0x0000000771e80000)
  to   space 10240K, 0% used [0x0000000770a80000,0x0000000770a80000,0x0000000771480000)
 ParOldGen       total 171008K, used 0K [0x00000006c6200000, 0x00000006d0900000, 0x000000076cb80000)
  object space 171008K, 0% used [0x00000006c6200000,0x00000006c6200000,0x00000006d0900000)
 Metaspace       used 13092K, capacity 13938K, committed 14208K, reserved 1062912K
  class space    used 1478K, capacity 1611K, committed 1664K, reserved 1048576K
Event: 0.847 GC heap after
Heap after GC invocations=1 (full 0):
 PSYoungGen      total 74752K, used 6437K [0x000000076cb80000, 0x0000000775d80000, 0x00000007c0000000)
  eden space 64512K, 0% used [0x000000076cb80000,0x000000076cb80000,0x0000000770a80000)
  from space 10240K, 62% used [0x0000000770a80000,0x00000007710c9738,0x0000000771480000)
  to   space 10240K, 0% used [0x0000000775380000,0x0000000775380000,0x0000000775d80000)
 ParOldGen       total 171008K, used 80K [0x00000006c6200000, 0x00000006d0900000, 0x000000076cb80000)
  object space 171008K, 0% used [0x00000006c6200000,0x00000006c6214010,0x00000006d0900000)
 Metaspace       used 13092K, capacity 13938K, committed 14208K, reserved 1062912K
  class space    used 1478K, capacity 1611K, committed 1664K, reserved 1048576K
}
Event: 517.323 GC heap before
{Heap before GC invocations=2 (full 0):
 PSYoungGen      total 74752K, used 70949K [0x000000076cb80000, 0x0000000775d80000, 0x00000007c0000000)
  eden space 64512K, 100% used [0x000000076cb80000,0x0000000770a80000,0x0000000770a80000)
  from space 10240K, 62% used [0x0000000770a80000,0x00000007710c9738,0x0000000771480000)
  to   space 10240K, 0% used [0x0000000775380000,0x0000000775380000,0x0000000775d80000)
 ParOldGen       total 171008K, used 80K [0x00000006c6200000, 0x00000006d0900000, 0x000000076cb80000)
  object space 171008K, 0% used [0x00000006c6200000,0x00000006c6214010,0x00000006d0900000)
 Metaspace       used 16416K, capacity 17354K, committed 17536K, reserved 1064960K
  class space    used 1904K, capacity 2049K, committed 2176K, reserved 1048576K
Event: 517.335 GC heap after
Heap after GC invocations=2 (full 0):
 PSYoungGen      total 71168K, used 6175K [0x000000076cb80000, 0x0000000775a00000, 0x00000007c0000000)
  eden space 64512K, 0% used [0x000000076cb80000,0x000000076cb80000,0x0000000770a80000)
  from space 6656K, 92% used [0x0000000775380000,0x0000000775987ee8,0x0000000775a00000)
  to   space 10240K, 0% used [0x0000000774600000,0x0000000774600000,0x0000000775000000)
 ParOldGen       total 171008K, used 96K [0x00000006c6200000, 0x00000006d0900000, 0x000000076cb80000)
  object space 171008K, 0% used [0x00000006c6200000,0x00000006c6218010,0x00000006d0900000)
 Metaspace       used 16416K, capacity 17354K, committed 17536K, reserved 1064960K
  class space    used 1904K, capacity 2049K, committed 2176K, reserved 1048576K
}

