# JRE version: OpenJDK Runtime Environment (8.0_212-b03) (build 1.8.0_212-8u212-b03-0ubuntu1.18.04.1-b03)
# Java VM: OpenJDK 64-Bit Server VM (25.212-b03 mixed mode linux-amd64 compressed oops)
Heap:
 PSYoungGen      total 139264K, used 10929K [0x000000076cb80000, 0x0000000775d80000, 0x00000007c0000000)
  eden space 129024K, 6% used [0x000000076cb80000,0x000000076d36de28,0x0000000774980000)
  from space 10240K, 27% used [0x0000000775380000,0x000000077563e748,0x0000000775d80000)
  to   space 10240K, 0% used [0x0000000774980000,0x0000000774980000,0x0000000775380000)
 ParOldGen       total 171008K, used 88K [0x00000006c6200000, 0x00000006d0900000, 0x000000076cb80000)
  object space 171008K, 0% used [0x00000006c6200000,0x00000006c6216010,0x00000006d0900000)
 Metaspace       used 14148K, capacity 15048K, committed 15360K, reserved 1062912K
  class space    used 1590K, capacity 1720K, committed 1792K, reserved 1048576K
GC Heap History (4 events):
Event: 0.893 GC heap before
{Heap before GC invocations=1 (full 0):
 PSYoungGen      total 74752K, used 64512K [0x000000076cb80000, 0x0000000771e80000, 0x00000007c0000000)
  eden space 64512K, 100% used [0x000000076cb80000,0x0000000770a80000,0x0000000770a80000)
  from space 10240K, 0% used [0x0000000771480000,0x0000000771480000,0x0000000771e80000)
  to   space 10240K, 0% used [0x0000000770a80000,0x0000000770a80000,0x0000000771480000)
 ParOldGen       total 171008K, used 0K [0x00000006c6200000, 0x00000006d0900000, 0x000000076cb80000)
  object space 171008K, 0% used [0x00000006c6200000,0x00000006c6200000,0x00000006d0900000)
 Metaspace       used 13221K, capacity 14146K, committed 14208K, reserved 1062912K
  class space    used 1487K, capacity 1643K, committed 1664K, reserved 1048576K
Event: 0.905 GC heap after
Heap after GC invocations=1 (full 0):
 PSYoungGen      total 74752K, used 6462K [0x000000076cb80000, 0x0000000775d80000, 0x00000007c0000000)
  eden space 64512K, 0% used [0x000000076cb80000,0x000000076cb80000,0x0000000770a80000)
  from space 10240K, 63% used [0x0000000770a80000,0x00000007710cfb20,0x0000000771480000)
  to   space 10240K, 0% used [0x0000000775380000,0x0000000775380000,0x0000000775d80000)
 ParOldGen       total 171008K, used 80K [0x00000006c6200000, 0x00000006d0900000, 0x000000076cb80000)
  object space 171008K, 0% used [0x00000006c6200000,0x00000006c6214010,0x00000006d0900000)
 Metaspace       used 13221K, capacity 14146K, committed 14208K, reserved 1062912K
  class space    used 1487K, capacity 1643K, committed 1664K, reserved 1048576K
}
Event: 1.379 GC heap before
{Heap before GC invocations=2 (full 0):
 PSYoungGen      total 74752K, used 70974K [0x000000076cb80000, 0x0000000775d80000, 0x00000007c0000000)
  eden space 64512K, 100% used [0x000000076cb80000,0x0000000770a80000,0x0000000770a80000)
  from space 10240K, 63% used [0x0000000770a80000,0x00000007710cfb20,0x0000000771480000)
  to   space 10240K, 0% used [0x0000000775380000,0x0000000775380000,0x0000000775d80000)
 ParOldGen       total 171008K, used 80K [0x00000006c6200000, 0x00000006d0900000, 0x000000076cb80000)
  object space 171008K, 0% used [0x00000006c6200000,0x00000006c6214010,0x00000006d0900000)
 Metaspace       used 13993K, capacity 14868K, committed 15104K, reserved 1062912K
  class space    used 1572K, capacity 1710K, committed 1792K, reserved 1048576K
Event: 1.387 GC heap after
Heap after GC invocations=2 (full 0):
 PSYoungGen      total 139264K, used 2809K [0x000000076cb80000, 0x0000000775d80000, 0x00000007c0000000)
  eden space 129024K, 0% used [0x000000076cb80000,0x000000076cb80000,0x0000000774980000)
  from space 10240K, 27% used [0x0000000775380000,0x000000077563e748,0x0000000775d80000)
  to   space 10240K, 0% used [0x0000000774980000,0x0000000774980000,0x0000000775380000)
 ParOldGen       total 171008K, used 88K [0x00000006c6200000, 0x00000006d0900000, 0x000000076cb80000)
  object space 171008K, 0% used [0x00000006c6200000,0x00000006c6216010,0x00000006d0900000)
 Metaspace       used 13993K, capacity 14868K, committed 15104K, reserved 1062912K
  class space    used 1572K, capacity 1710K, committed 1792K, reserved 1048576K
}

